  EI-101092562-Assignment2.cpp
c:\users\spawn\desktop\gbc\w2018\game2012 3d graphics programming opengl\3d graphics a2\game2012_echavarria_ivan_assigment 2\firstexample\ei-101092562-assignment2.cpp(195): warning C4244: '=': conversion from 'double' to 'float', possible loss of data
c:\users\spawn\desktop\gbc\w2018\game2012 3d graphics programming opengl\3d graphics a2\game2012_echavarria_ivan_assigment 2\firstexample\ei-101092562-assignment2.cpp(292): warning C4244: 'argument': conversion from 'time_t' to 'unsigned int', possible loss of data
  LoadShaders.cpp
  Generating Code...
Debug\LoadShaders.obj : warning LNK4042: object specified more than once; extras ignored
MSVCRTD.lib(initializers.obj) : warning LNK4098: defaultlib 'libcmtd.lib' conflicts with use of other libs; use /NODEFAULTLIB:library
EI-101092562-Assignment2.obj : warning LNK4217: locally defined symbol _glewInit@0 imported in function _main
EI-101092562-Assignment2.obj : warning LNK4049: locally defined symbol ___glewBindBuffer imported
EI-101092562-Assignment2.obj : warning LNK4049: locally defined symbol ___glewBufferData imported
EI-101092562-Assignment2.obj : warning LNK4049: locally defined symbol ___glewGenBuffers imported
EI-101092562-Assignment2.obj : warning LNK4049: locally defined symbol ___glewGetBufferParameteriv imported
EI-101092562-Assignment2.obj : warning LNK4049: locally defined symbol ___glewBindAttribLocation imported
EI-101092562-Assignment2.obj : warning LNK4049: locally defined symbol ___glewEnableVertexAttribArray imported
EI-101092562-Assignment2.obj : warning LNK4049: locally defined symbol ___glewGetAttribLocation imported
EI-101092562-Assignment2.obj : warning LNK4049: locally defined symbol ___glewGetUniformLocation imported
EI-101092562-Assignment2.obj : warning LNK4049: locally defined symbol ___glewUniformMatrix4fv imported
EI-101092562-Assignment2.obj : warning LNK4049: locally defined symbol ___glewUseProgram imported
EI-101092562-Assignment2.obj : warning LNK4049: locally defined symbol ___glewVertexAttribPointer imported
EI-101092562-Assignment2.obj : warning LNK4049: locally defined symbol ___glewBindVertexArray imported
EI-101092562-Assignment2.obj : warning LNK4049: locally defined symbol ___glewGenVertexArrays imported
EI-101092562-Assignment2.obj : warning LNK4049: locally defined symbol _glewExperimental imported
glew_static_vs2010_d.lib(glew.obj) : warning LNK4099: PDB 'vc100.pdb' was not found with 'glew_static_vs2010_d.lib(glew.obj)' or at 'C:\Users\spawn\Desktop\GBC\W2018\GAME2012 3D GRAPHICS PROGRAMMING OPENGL\3D Graphics A2\GAME2012_Echavarria_Ivan_ASSIGMENT 2\Debug\vc100.pdb'; linking object as if no debug info
freeglut_static_vs2010_d.lib(freeglut_callbacks.obj) : warning LNK4099: PDB 'vc100.pdb' was not found with 'freeglut_static_vs2010_d.lib(freeglut_callbacks.obj)' or at 'C:\Users\spawn\Desktop\GBC\W2018\GAME2012 3D GRAPHICS PROGRAMMING OPENGL\3D Graphics A2\GAME2012_Echavarria_Ivan_ASSIGMENT 2\Debug\vc100.pdb'; linking object as if no debug info
freeglut_static_vs2010_d.lib(freeglut_cursor.obj) : warning LNK4099: PDB 'vc100.pdb' was not found with 'freeglut_static_vs2010_d.lib(freeglut_cursor.obj)' or at 'C:\Users\spawn\Desktop\GBC\W2018\GAME2012 3D GRAPHICS PROGRAMMING OPENGL\3D Graphics A2\GAME2012_Echavarria_Ivan_ASSIGMENT 2\Debug\vc100.pdb'; linking object as if no debug info
freeglut_static_vs2010_d.lib(freeglut_display.obj) : warning LNK4099: PDB 'vc100.pdb' was not found with 'freeglut_static_vs2010_d.lib(freeglut_display.obj)' or at 'C:\Users\spawn\Desktop\GBC\W2018\GAME2012 3D GRAPHICS PROGRAMMING OPENGL\3D Graphics A2\GAME2012_Echavarria_Ivan_ASSIGMENT 2\Debug\vc100.pdb'; linking object as if no debug info
freeglut_static_vs2010_d.lib(freeglut_font.obj) : warning LNK4099: PDB 'vc100.pdb' was not found with 'freeglut_static_vs2010_d.lib(freeglut_font.obj)' or at 'C:\Users\spawn\Desktop\GBC\W2018\GAME2012 3D GRAPHICS PROGRAMMING OPENGL\3D Graphics A2\GAME2012_Echavarria_Ivan_ASSIGMENT 2\Debug\vc100.pdb'; linking object as if no debug info
freeglut_static_vs2010_d.lib(freeglut_font_data.obj) : warning LNK4099: PDB 'vc100.pdb' was not found with 'freeglut_static_vs2010_d.lib(freeglut_font_data.obj)' or at 'C:\Users\spawn\Desktop\GBC\W2018\GAME2012 3D GRAPHICS PROGRAMMING OPENGL\3D Graphics A2\GAME2012_Echavarria_Ivan_ASSIGMENT 2\Debug\vc100.pdb'; linking object as if no debug info
freeglut_static_vs2010_d.lib(freeglut_init.obj) : warning LNK4099: PDB 'vc100.pdb' was not found with 'freeglut_static_vs2010_d.lib(freeglut_init.obj)' or at 'C:\Users\spawn\Desktop\GBC\W2018\GAME2012 3D GRAPHICS PROGRAMMING OPENGL\3D Graphics A2\GAME2012_Echavarria_Ivan_ASSIGMENT 2\Debug\vc100.pdb'; linking object as if no debug info
freeglut_static_vs2010_d.lib(freeglut_input_devices.obj) : warning LNK4099: PDB 'vc100.pdb' was not found with 'freeglut_static_vs2010_d.lib(freeglut_input_devices.obj)' or at 'C:\Users\spawn\Desktop\GBC\W2018\GAME2012 3D GRAPHICS PROGRAMMING OPENGL\3D Graphics A2\GAME2012_Echavarria_Ivan_ASSIGMENT 2\Debug\vc100.pdb'; linking object as if no debug info
freeglut_static_vs2010_d.lib(freeglut_joystick.obj) : warning LNK4099: PDB 'vc100.pdb' was not found with 'freeglut_static_vs2010_d.lib(freeglut_joystick.obj)' or at 'C:\Users\spawn\Desktop\GBC\W2018\GAME2012 3D GRAPHICS PROGRAMMING OPENGL\3D Graphics A2\GAME2012_Echavarria_Ivan_ASSIGMENT 2\Debug\vc100.pdb'; linking object as if no debug info
freeglut_static_vs2010_d.lib(freeglut_main.obj) : warning LNK4099: PDB 'vc100.pdb' was not found with 'freeglut_static_vs2010_d.lib(freeglut_main.obj)' or at 'C:\Users\spawn\Desktop\GBC\W2018\GAME2012 3D GRAPHICS PROGRAMMING OPENGL\3D Graphics A2\GAME2012_Echavarria_Ivan_ASSIGMENT 2\Debug\vc100.pdb'; linking object as if no debug info
freeglut_static_vs2010_d.lib(freeglut_menu.obj) : warning LNK4099: PDB 'vc100.pdb' was not found with 'freeglut_static_vs2010_d.lib(freeglut_menu.obj)' or at 'C:\Users\spawn\Desktop\GBC\W2018\GAME2012 3D GRAPHICS PROGRAMMING OPENGL\3D Graphics A2\GAME2012_Echavarria_Ivan_ASSIGMENT 2\Debug\vc100.pdb'; linking object as if no debug info
freeglut_static_vs2010_d.lib(freeglut_spaceball.obj) : warning LNK4099: PDB 'vc100.pdb' was not found with 'freeglut_static_vs2010_d.lib(freeglut_spaceball.obj)' or at 'C:\Users\spawn\Desktop\GBC\W2018\GAME2012 3D GRAPHICS PROGRAMMING OPENGL\3D Graphics A2\GAME2012_Echavarria_Ivan_ASSIGMENT 2\Debug\vc100.pdb'; linking object as if no debug info
freeglut_static_vs2010_d.lib(freeglut_state.obj) : warning LNK4099: PDB 'vc100.pdb' was not found with 'freeglut_static_vs2010_d.lib(freeglut_state.obj)' or at 'C:\Users\spawn\Desktop\GBC\W2018\GAME2012 3D GRAPHICS PROGRAMMING OPENGL\3D Graphics A2\GAME2012_Echavarria_Ivan_ASSIGMENT 2\Debug\vc100.pdb'; linking object as if no debug info
freeglut_static_vs2010_d.lib(freeglut_stroke_mono_roman.obj) : warning LNK4099: PDB 'vc100.pdb' was not found with 'freeglut_static_vs2010_d.lib(freeglut_stroke_mono_roman.obj)' or at 'C:\Users\spawn\Desktop\GBC\W2018\GAME2012 3D GRAPHICS PROGRAMMING OPENGL\3D Graphics A2\GAME2012_Echavarria_Ivan_ASSIGMENT 2\Debug\vc100.pdb'; linking object as if no debug info
freeglut_static_vs2010_d.lib(freeglut_stroke_roman.obj) : warning LNK4099: PDB 'vc100.pdb' was not found with 'freeglut_static_vs2010_d.lib(freeglut_stroke_roman.obj)' or at 'C:\Users\spawn\Desktop\GBC\W2018\GAME2012 3D GRAPHICS PROGRAMMING OPENGL\3D Graphics A2\GAME2012_Echavarria_Ivan_ASSIGMENT 2\Debug\vc100.pdb'; linking object as if no debug info
freeglut_static_vs2010_d.lib(freeglut_structure.obj) : warning LNK4099: PDB 'vc100.pdb' was not found with 'freeglut_static_vs2010_d.lib(freeglut_structure.obj)' or at 'C:\Users\spawn\Desktop\GBC\W2018\GAME2012 3D GRAPHICS PROGRAMMING OPENGL\3D Graphics A2\GAME2012_Echavarria_Ivan_ASSIGMENT 2\Debug\vc100.pdb'; linking object as if no debug info
freeglut_static_vs2010_d.lib(freeglut_window.obj) : warning LNK4099: PDB 'vc100.pdb' was not found with 'freeglut_static_vs2010_d.lib(freeglut_window.obj)' or at 'C:\Users\spawn\Desktop\GBC\W2018\GAME2012 3D GRAPHICS PROGRAMMING OPENGL\3D Graphics A2\GAME2012_Echavarria_Ivan_ASSIGMENT 2\Debug\vc100.pdb'; linking object as if no debug info
  FirstExample.vcxproj -> C:\Users\spawn\Desktop\GBC\W2018\GAME2012 3D GRAPHICS PROGRAMMING OPENGL\3D Graphics A2\GAME2012_Echavarria_Ivan_ASSIGMENT 2\Debug\FirstExample.exe
