  EI-101092562-Assignment1.cpp
c:\users\spawn\desktop\georgebrown courses\winter 2018\game2012 3d graphics programming opengl\3d graphics a1\game2012_echavarria_ivan_assigment1\firstexample\ei-101092562-assignment1.cpp(204): warning C4244: 'argument': conversion from 'time_t' to 'unsigned int', possible loss of data
  LoadShaders.cpp
  Generating Code...
Debug\LoadShaders.obj : warning LNK4042: object specified more than once; extras ignored
MSVCRTD.lib(initializers.obj) : warning LNK4098: defaultlib 'libcmtd.lib' conflicts with use of other libs; use /NODEFAULTLIB:library
glew_static_vs2010_d.lib(glew.obj) : warning LNK4099: PDB 'vc100.pdb' was not found with 'glew_static_vs2010_d.lib(glew.obj)' or at 'C:\Users\spawn\Desktop\GeorgeBrown courses\Winter 2018\GAME2012 3D GRAPHICS PROGRAMMING OPENGL\3D Graphics A1\GAME2012_Echavarria_Ivan_Assigment1\Debug\vc100.pdb'; linking object as if no debug info
freeglut_static_vs2010_d.lib(freeglut_callbacks.obj) : warning LNK4099: PDB 'vc100.pdb' was not found with 'freeglut_static_vs2010_d.lib(freeglut_callbacks.obj)' or at 'C:\Users\spawn\Desktop\GeorgeBrown courses\Winter 2018\GAME2012 3D GRAPHICS PROGRAMMING OPENGL\3D Graphics A1\GAME2012_Echavarria_Ivan_Assigment1\Debug\vc100.pdb'; linking object as if no debug info
freeglut_static_vs2010_d.lib(freeglut_cursor.obj) : warning LNK4099: PDB 'vc100.pdb' was not found with 'freeglut_static_vs2010_d.lib(freeglut_cursor.obj)' or at 'C:\Users\spawn\Desktop\GeorgeBrown courses\Winter 2018\GAME2012 3D GRAPHICS PROGRAMMING OPENGL\3D Graphics A1\GAME2012_Echavarria_Ivan_Assigment1\Debug\vc100.pdb'; linking object as if no debug info
freeglut_static_vs2010_d.lib(freeglut_display.obj) : warning LNK4099: PDB 'vc100.pdb' was not found with 'freeglut_static_vs2010_d.lib(freeglut_display.obj)' or at 'C:\Users\spawn\Desktop\GeorgeBrown courses\Winter 2018\GAME2012 3D GRAPHICS PROGRAMMING OPENGL\3D Graphics A1\GAME2012_Echavarria_Ivan_Assigment1\Debug\vc100.pdb'; linking object as if no debug info
freeglut_static_vs2010_d.lib(freeglut_font.obj) : warning LNK4099: PDB 'vc100.pdb' was not found with 'freeglut_static_vs2010_d.lib(freeglut_font.obj)' or at 'C:\Users\spawn\Desktop\GeorgeBrown courses\Winter 2018\GAME2012 3D GRAPHICS PROGRAMMING OPENGL\3D Graphics A1\GAME2012_Echavarria_Ivan_Assigment1\Debug\vc100.pdb'; linking object as if no debug info
freeglut_static_vs2010_d.lib(freeglut_font_data.obj) : warning LNK4099: PDB 'vc100.pdb' was not found with 'freeglut_static_vs2010_d.lib(freeglut_font_data.obj)' or at 'C:\Users\spawn\Desktop\GeorgeBrown courses\Winter 2018\GAME2012 3D GRAPHICS PROGRAMMING OPENGL\3D Graphics A1\GAME2012_Echavarria_Ivan_Assigment1\Debug\vc100.pdb'; linking object as if no debug info
freeglut_static_vs2010_d.lib(freeglut_init.obj) : warning LNK4099: PDB 'vc100.pdb' was not found with 'freeglut_static_vs2010_d.lib(freeglut_init.obj)' or at 'C:\Users\spawn\Desktop\GeorgeBrown courses\Winter 2018\GAME2012 3D GRAPHICS PROGRAMMING OPENGL\3D Graphics A1\GAME2012_Echavarria_Ivan_Assigment1\Debug\vc100.pdb'; linking object as if no debug info
freeglut_static_vs2010_d.lib(freeglut_input_devices.obj) : warning LNK4099: PDB 'vc100.pdb' was not found with 'freeglut_static_vs2010_d.lib(freeglut_input_devices.obj)' or at 'C:\Users\spawn\Desktop\GeorgeBrown courses\Winter 2018\GAME2012 3D GRAPHICS PROGRAMMING OPENGL\3D Graphics A1\GAME2012_Echavarria_Ivan_Assigment1\Debug\vc100.pdb'; linking object as if no debug info
freeglut_static_vs2010_d.lib(freeglut_joystick.obj) : warning LNK4099: PDB 'vc100.pdb' was not found with 'freeglut_static_vs2010_d.lib(freeglut_joystick.obj)' or at 'C:\Users\spawn\Desktop\GeorgeBrown courses\Winter 2018\GAME2012 3D GRAPHICS PROGRAMMING OPENGL\3D Graphics A1\GAME2012_Echavarria_Ivan_Assigment1\Debug\vc100.pdb'; linking object as if no debug info
freeglut_static_vs2010_d.lib(freeglut_main.obj) : warning LNK4099: PDB 'vc100.pdb' was not found with 'freeglut_static_vs2010_d.lib(freeglut_main.obj)' or at 'C:\Users\spawn\Desktop\GeorgeBrown courses\Winter 2018\GAME2012 3D GRAPHICS PROGRAMMING OPENGL\3D Graphics A1\GAME2012_Echavarria_Ivan_Assigment1\Debug\vc100.pdb'; linking object as if no debug info
freeglut_static_vs2010_d.lib(freeglut_menu.obj) : warning LNK4099: PDB 'vc100.pdb' was not found with 'freeglut_static_vs2010_d.lib(freeglut_menu.obj)' or at 'C:\Users\spawn\Desktop\GeorgeBrown courses\Winter 2018\GAME2012 3D GRAPHICS PROGRAMMING OPENGL\3D Graphics A1\GAME2012_Echavarria_Ivan_Assigment1\Debug\vc100.pdb'; linking object as if no debug info
freeglut_static_vs2010_d.lib(freeglut_spaceball.obj) : warning LNK4099: PDB 'vc100.pdb' was not found with 'freeglut_static_vs2010_d.lib(freeglut_spaceball.obj)' or at 'C:\Users\spawn\Desktop\GeorgeBrown courses\Winter 2018\GAME2012 3D GRAPHICS PROGRAMMING OPENGL\3D Graphics A1\GAME2012_Echavarria_Ivan_Assigment1\Debug\vc100.pdb'; linking object as if no debug info
freeglut_static_vs2010_d.lib(freeglut_state.obj) : warning LNK4099: PDB 'vc100.pdb' was not found with 'freeglut_static_vs2010_d.lib(freeglut_state.obj)' or at 'C:\Users\spawn\Desktop\GeorgeBrown courses\Winter 2018\GAME2012 3D GRAPHICS PROGRAMMING OPENGL\3D Graphics A1\GAME2012_Echavarria_Ivan_Assigment1\Debug\vc100.pdb'; linking object as if no debug info
freeglut_static_vs2010_d.lib(freeglut_stroke_mono_roman.obj) : warning LNK4099: PDB 'vc100.pdb' was not found with 'freeglut_static_vs2010_d.lib(freeglut_stroke_mono_roman.obj)' or at 'C:\Users\spawn\Desktop\GeorgeBrown courses\Winter 2018\GAME2012 3D GRAPHICS PROGRAMMING OPENGL\3D Graphics A1\GAME2012_Echavarria_Ivan_Assigment1\Debug\vc100.pdb'; linking object as if no debug info
freeglut_static_vs2010_d.lib(freeglut_stroke_roman.obj) : warning LNK4099: PDB 'vc100.pdb' was not found with 'freeglut_static_vs2010_d.lib(freeglut_stroke_roman.obj)' or at 'C:\Users\spawn\Desktop\GeorgeBrown courses\Winter 2018\GAME2012 3D GRAPHICS PROGRAMMING OPENGL\3D Graphics A1\GAME2012_Echavarria_Ivan_Assigment1\Debug\vc100.pdb'; linking object as if no debug info
freeglut_static_vs2010_d.lib(freeglut_structure.obj) : warning LNK4099: PDB 'vc100.pdb' was not found with 'freeglut_static_vs2010_d.lib(freeglut_structure.obj)' or at 'C:\Users\spawn\Desktop\GeorgeBrown courses\Winter 2018\GAME2012 3D GRAPHICS PROGRAMMING OPENGL\3D Graphics A1\GAME2012_Echavarria_Ivan_Assigment1\Debug\vc100.pdb'; linking object as if no debug info
freeglut_static_vs2010_d.lib(freeglut_window.obj) : warning LNK4099: PDB 'vc100.pdb' was not found with 'freeglut_static_vs2010_d.lib(freeglut_window.obj)' or at 'C:\Users\spawn\Desktop\GeorgeBrown courses\Winter 2018\GAME2012 3D GRAPHICS PROGRAMMING OPENGL\3D Graphics A1\GAME2012_Echavarria_Ivan_Assigment1\Debug\vc100.pdb'; linking object as if no debug info
  FirstExample.vcxproj -> C:\Users\spawn\Desktop\GeorgeBrown courses\Winter 2018\GAME2012 3D GRAPHICS PROGRAMMING OPENGL\3D Graphics A1\GAME2012_Echavarria_Ivan_Assigment1\Debug\FirstExample.exe
